0 info it worked if it ends with ok
1 verbose cli [ 'node', '/usr/local/bin/npm', 'install', '-g', 'coffee-script' ]
2 info using npm@1.1.62
3 info using node@v0.8.11
4 verbose read json /usr/local/lib/package.json
5 verbose read json /usr/local/lib/package.json
6 verbose cache add [ 'coffee-script', null ]
7 silly cache add name=undefined spec="coffee-script" args=["coffee-script",null]
8 verbose parsed url { pathname: 'coffee-script',
8 verbose parsed url   path: 'coffee-script',
8 verbose parsed url   href: 'coffee-script' }
9 silly lockFile ab358269-coffee-script coffee-script
10 verbose lock coffee-script /Users/bradwrage/.npm/ab358269-coffee-script.lock
11 silly lockFile ab358269-coffee-script coffee-script
12 verbose addNamed [ 'coffee-script', '' ]
13 verbose addNamed [ null, '' ]
14 silly lockFile 53951495-coffee-script coffee-script@
15 verbose lock coffee-script@ /Users/bradwrage/.npm/53951495-coffee-script.lock
16 silly addNameRange { name: 'coffee-script', range: '', hasData: false }
17 verbose url raw coffee-script
18 verbose url resolving [ 'https://registry.npmjs.org/', './coffee-script' ]
19 verbose url resolved https://registry.npmjs.org/coffee-script
20 info trying registry request attempt 1 at 11:58:10
21 verbose etag "ES3SNJJG9CXPB6XEIRPAT2G3G"
22 http GET https://registry.npmjs.org/coffee-script
23 http 304 https://registry.npmjs.org/coffee-script
24 silly registry.get cb [ 304,
24 silly registry.get   { server: 'CouchDB/1.2.0 (Erlang OTP/R15B)',
24 silly registry.get     etag: '"ES3SNJJG9CXPB6XEIRPAT2G3G"',
24 silly registry.get     date: 'Wed, 03 Oct 2012 18:57:46 GMT',
24 silly registry.get     'content-length': '0' } ]
25 verbose etag coffee-script from cache
26 silly addNameRange number 2 { name: 'coffee-script', range: '', hasData: true }
27 silly addNameRange versions [ 'coffee-script',
27 silly addNameRange   [ '0.7.0',
27 silly addNameRange     '0.7.1',
27 silly addNameRange     '0.7.2',
27 silly addNameRange     '0.9.0',
27 silly addNameRange     '0.9.1',
27 silly addNameRange     '0.9.2',
27 silly addNameRange     '0.9.3',
27 silly addNameRange     '0.9.4',
27 silly addNameRange     '0.9.5',
27 silly addNameRange     '0.9.6',
27 silly addNameRange     '1.0.0',
27 silly addNameRange     '1.0.1',
27 silly addNameRange     '1.1.0',
27 silly addNameRange     '1.1.1',
27 silly addNameRange     '1.1.2',
27 silly addNameRange     '1.1.3',
27 silly addNameRange     '1.2.0',
27 silly addNameRange     '1.3.0',
27 silly addNameRange     '1.3.1',
27 silly addNameRange     '1.3.2',
27 silly addNameRange     '1.3.3' ] ]
28 verbose addNamed [ 'coffee-script', '1.3.3' ]
29 verbose addNamed [ '1.3.3', '1.3.3' ]
30 silly lockFile 022c8436-coffee-script-1-3-3 coffee-script@1.3.3
31 verbose lock coffee-script@1.3.3 /Users/bradwrage/.npm/022c8436-coffee-script-1-3-3.lock
32 verbose read json /Users/bradwrage/.npm/coffee-script/1.3.3/package/package.json
33 silly lockFile 022c8436-coffee-script-1-3-3 coffee-script@1.3.3
34 silly lockFile 53951495-coffee-script coffee-script@
35 silly resolved [ { name: 'coffee-script',
35 silly resolved     description: 'Unfancy JavaScript',
35 silly resolved     keywords: [ 'javascript', 'language', 'coffeescript', 'compiler' ],
35 silly resolved     author: { name: 'Jeremy Ashkenas' },
35 silly resolved     version: '1.3.3',
35 silly resolved     licenses: [ [Object] ],
35 silly resolved     engines: { node: '>=0.4.0' },
35 silly resolved     directories: { lib: './lib/coffee-script' },
35 silly resolved     main: './lib/coffee-script/coffee-script',
35 silly resolved     bin: { coffee: './bin/coffee', cake: './bin/cake' },
35 silly resolved     homepage: 'http://coffeescript.org',
35 silly resolved     bugs: 'https://github.com/jashkenas/coffee-script/issues',
35 silly resolved     repository:
35 silly resolved      { type: 'git',
35 silly resolved        url: 'git://github.com/jashkenas/coffee-script.git' },
35 silly resolved     devDependencies: { 'uglify-js': '>=1.0.0', jison: '>=0.2.0' },
35 silly resolved     readme: '\n            {\n         }   }   {\n        {   {  }  }\n         }   }{  {\n        {  }{  }  }                    _____       __  __\n       ( }{ }{  { )                   / ____|     / _|/ _|\n     .- { { }  { }} -.               | |     ___ | |_| |_ ___  ___\n    (  ( } { } { } }  )              | |    / _ \\|  _|  _/ _ \\/ _ \\\n    |`-..________ ..-\'|              | |___| (_) | | | ||  __/  __/\n    |                 |               \\_____\\___/|_| |_| \\___|\\___|\n    |                 ;--.\n    |                (__  \\            _____           _       _\n    |                 | )  )          / ____|         (_)     | |\n    |                 |/  /          | (___   ___ _ __ _ _ __ | |_\n    |                 (  /            \\___ \\ / __| \'__| | \'_ \\| __|\n    |                 |/              ____) | (__| |  | | |_) | |_\n    |                 |              |_____/ \\___|_|  |_| .__/ \\__|\n     `-.._________..-\'                                  | |\n                                                        |_|\n\n\n  CoffeeScript is a little language that compiles into JavaScript.\n\n  Install Node.js, and then the CoffeeScript compiler:\n  sudo bin/cake install\n\n  Or, if you have the Node Package Manager installed:\n  npm install -g coffee-script\n  (Leave off the -g if you don\'t wish to install globally.)\n\n  Execute a script:\n  coffee /path/to/script.coffee\n\n  Compile a script:\n  coffee -c /path/to/script.coffee\n\n  For documentation, usage, and examples, see:\n  http://coffeescript.org/\n\n  To suggest a feature, report a bug, or general discussion:\n  http://github.com/jashkenas/coffee-script/issues/\n\n  If you\'d like to chat, drop by #coffeescript on Freenode IRC,\n  or on webchat.freenode.net.\n\n  The source repository:\n  git://github.com/jashkenas/coffee-script.git\n\n  All contributors are listed here:\n  http://github.com/jashkenas/coffee-script/contributors\n',
35 silly resolved     _id: 'coffee-script@1.3.3',
35 silly resolved     _from: 'coffee-script' } ]
36 info install coffee-script@1.3.3 into /usr/local/lib
37 info installOne coffee-script@1.3.3
38 verbose from cache /Users/bradwrage/.npm/coffee-script/1.3.3/package/package.json
39 info /usr/local/lib/node_modules/coffee-script unbuild
40 verbose read json /usr/local/lib/node_modules/coffee-script/package.json
41 verbose tar unpack /Users/bradwrage/.npm/coffee-script/1.3.3/package.tgz
42 silly lockFile 7b01d0c2-l-lib-node-modules-coffee-script /usr/local/lib/node_modules/coffee-script
43 verbose lock /usr/local/lib/node_modules/coffee-script /Users/bradwrage/.npm/7b01d0c2-l-lib-node-modules-coffee-script.lock
44 silly gunzTarPerm modes [ '755', '644' ]
45 error Error: EACCES, mkdir '/usr/local/lib/node_modules/coffee-script'
45 error  { [Error: EACCES, mkdir '/usr/local/lib/node_modules/coffee-script']
45 error   errno: 3,
45 error   code: 'EACCES',
45 error   path: '/usr/local/lib/node_modules/coffee-script',
45 error   fstream_type: 'Directory',
45 error   fstream_path: '/usr/local/lib/node_modules/coffee-script',
45 error   fstream_class: 'DirWriter',
45 error   fstream_stack:
45 error    [ 'DirWriter._create (/usr/local/lib/node_modules/npm/node_modules/fstream/lib/dir-writer.js:36:23)',
45 error      '/usr/local/lib/node_modules/npm/node_modules/mkdirp/index.js:37:53',
45 error      'Object.oncomplete (fs.js:297:15)' ] }
46 error Please try running this command again as root/Administrator.
47 error System Darwin 12.2.0
48 error command "node" "/usr/local/bin/npm" "install" "-g" "coffee-script"
49 error cwd /Users/bradwrage/webapps/treebook
50 error node -v v0.8.11
51 error npm -v 1.1.62
52 error path /usr/local/lib/node_modules/coffee-script
53 error fstream_path /usr/local/lib/node_modules/coffee-script
54 error fstream_type Directory
55 error fstream_class DirWriter
56 error code EACCES
57 error errno 3
58 error stack Error: EACCES, mkdir '/usr/local/lib/node_modules/coffee-script'
59 error fstream_stack DirWriter._create (/usr/local/lib/node_modules/npm/node_modules/fstream/lib/dir-writer.js:36:23)
59 error fstream_stack /usr/local/lib/node_modules/npm/node_modules/mkdirp/index.js:37:53
59 error fstream_stack Object.oncomplete (fs.js:297:15)
60 verbose exit [ 3, true ]
